<?xml version="1.0" encoding="UTF-8"?>
<!-- Generated by org.testng.reporters.JUnitReportReporter -->
<testsuite hostname="DESKTOP-GHDB9E9" failures="0" tests="3" name="com.test.testCases.SeleniumTest" time="0.016" errors="0" timestamp="2022-01-23T14:19:29 IST" skipped="0">
  <testcase classname="com.test.testCases.SeleniumTest" name="search" time="0.003"/>
  <system-out/>
  <testcase classname="com.test.testCases.SeleniumTest" name="login" time="0.011"/>
  <system-out/>
  <testcase classname="com.test.testCases.SeleniumTest" name="logout" time="0.002"/>
  <system-out/>
</testsuite> <!-- com.test.testCases.SeleniumTest -->
