<?xml version="1.0" encoding="UTF-8"?>
<!-- Generated by org.testng.reporters.JUnitReportReporter -->
<testsuite skipped="0" hostname="DESKTOP-GHDB9E9" name="com.test.testCases.SeleniumTest" tests="3" failures="0" timestamp="2022-01-23T15:00:51 IST" time="0.006" errors="0">
  <testcase name="login" time="0.004" classname="com.test.testCases.SeleniumTest"/>
  <system-out/>
  <testcase name="logout" time="0.000" classname="com.test.testCases.SeleniumTest"/>
  <system-out/>
  <testcase name="search" time="0.002" classname="com.test.testCases.SeleniumTest"/>
  <system-out/>
</testsuite> <!-- com.test.testCases.SeleniumTest -->
